14:19:42.982 INFO - Selenium build info: version: '3.3.1', revision: '5234b32'
14:19:42.983 INFO - Launching a standalone Selenium Server
2017-04-13 14:19:43.000:INFO::main: Logging initialized @251ms to org.seleniumhq.jetty9.util.log.StdErrLog
14:19:43.051 INFO - Driver provider org.openqa.selenium.ie.InternetExplorerDriver registration is skipped:
 registration capabilities Capabilities [{ensureCleanSession=true, browserName=internet explorer, version=, platform=WINDOWS}] does not match the current platform LINUX
14:19:43.052 INFO - Driver provider org.openqa.selenium.edge.EdgeDriver registration is skipped:
 registration capabilities Capabilities [{browserName=MicrosoftEdge, version=, platform=WINDOWS}] does not match the current platform LINUX
14:19:43.052 INFO - Driver class not found: com.opera.core.systems.OperaDriver
14:19:43.052 INFO - Driver provider com.opera.core.systems.OperaDriver registration is skipped:
Unable to create new instances on this machine.
14:19:43.052 INFO - Driver class not found: com.opera.core.systems.OperaDriver
14:19:43.052 INFO - Driver provider com.opera.core.systems.OperaDriver is not registered
14:19:43.053 INFO - Driver provider org.openqa.selenium.safari.SafariDriver registration is skipped:
 registration capabilities Capabilities [{browserName=safari, version=, platform=MAC}] does not match the current platform LINUX
2017-04-13 14:19:43.093:INFO:osjs.Server:main: jetty-9.2.20.v20161216
2017-04-13 14:19:43.134:INFO:osjsh.ContextHandler:main: Started o.s.j.s.ServletContextHandler@6093dd95{/,null,AVAILABLE}
2017-04-13 14:19:43.149:INFO:osjs.AbstractConnector:main: Started ServerConnector@1e397ed7{HTTP/1.1,[http/1.1]}{0.0.0.0:5000}
2017-04-13 14:19:43.153:INFO:osjs.Server:main: Started @404ms
14:19:43.153 INFO - Selenium Server is up and running
14:19:43.373 INFO - SessionCleaner initialized with insideBrowserTimeout 0 and clientGoneTimeout 1800000 polling every 180000
14:19:43.395 INFO - Executing: [new session: Capabilities [{acceptSslCerts=true, name=Employee, browserName=chrome, javascriptEnabled=true, platform=ANY}]])
14:19:43.409 INFO - Creating a new session for Capabilities [{acceptSslCerts=true, name=Employee, browserName=chrome, javascriptEnabled=true, platform=ANY}]
Starting ChromeDriver 2.29.461571 (8a88bbe0775e2a23afda0ceaf2ef7ee74e822cc5) on port 18104
Only local connections are allowed.
14:19:44.117 INFO - Detected dialect: OSS
14:19:44.166 INFO - Done: [new session: Capabilities [{acceptSslCerts=true, name=Employee, browserName=chrome, javascriptEnabled=true, platform=ANY}]]
14:19:44.185 INFO - Executing: [get: http://localhost:8090/#/employees])
14:19:47.055 INFO - Done: [get: http://localhost:8090/#/employees]
14:19:47.073 INFO - Executing: [find elements: By.cssSelector: body])
14:19:47.250 INFO - Done: [find elements: By.cssSelector: body]
14:19:47.256 INFO - Executing: [is displayed: 0 [[ChromeDriver: chrome on LINUX (e1b3cbbd67c468135a936a7d0232f9c8)] -> css selector: body]])
14:19:47.291 INFO - Done: [is displayed: 0 [[ChromeDriver: chrome on LINUX (e1b3cbbd67c468135a936a7d0232f9c8)] -> css selector: body]]
14:19:47.301 INFO - Executing: [find element: By.cssSelector: employee])
14:19:47.334 INFO - Done: [find element: By.cssSelector: employee]
14:19:47.338 INFO - Executing: [is displayed: 1 [[ChromeDriver: chrome on LINUX (e1b3cbbd67c468135a936a7d0232f9c8)] -> css selector: employee]])
14:19:47.366 INFO - Done: [is displayed: 1 [[ChromeDriver: chrome on LINUX (e1b3cbbd67c468135a936a7d0232f9c8)] -> css selector: employee]]
14:19:47.378 INFO - Executing: [get: http://localhost:8090/#/employees])
14:19:47.715 INFO - Done: [get: http://localhost:8090/#/employees]
14:19:47.724 INFO - Executing: [find elements: By.cssSelector: body])
14:19:47.790 INFO - Done: [find elements: By.cssSelector: body]
14:19:47.794 INFO - Executing: [is displayed: 2 [[ChromeDriver: chrome on LINUX (e1b3cbbd67c468135a936a7d0232f9c8)] -> css selector: body]])
14:19:47.819 INFO - Done: [is displayed: 2 [[ChromeDriver: chrome on LINUX (e1b3cbbd67c468135a936a7d0232f9c8)] -> css selector: body]]
14:19:47.825 INFO - Executing: [find elements: By.cssSelector: md-list-item])
14:19:47.866 INFO - Done: [find elements: By.cssSelector: md-list-item]
14:19:47.872 INFO - Executing: [find element: By.cssSelector: button.mat-mini-fab])
14:19:47.901 INFO - Done: [find element: By.cssSelector: button.mat-mini-fab]
14:19:47.906 INFO - Executing: [click: 29 [[ChromeDriver: chrome on LINUX (e1b3cbbd67c468135a936a7d0232f9c8)] -> css selector: button.mat-mini-fab]])
14:19:48.067 INFO - Done: [click: 29 [[ChromeDriver: chrome on LINUX (e1b3cbbd67c468135a936a7d0232f9c8)] -> css selector: button.mat-mini-fab]]
14:19:48.074 INFO - Executing: [find element: By.cssSelector: add-employee-dialog])
14:19:48.116 INFO - Done: [find element: By.cssSelector: add-employee-dialog]
14:19:48.123 INFO - Executing: [is displayed: 30 [[ChromeDriver: chrome on LINUX (e1b3cbbd67c468135a936a7d0232f9c8)] -> css selector: add-employee-dialog]])
14:19:48.168 INFO - Done: [is displayed: 30 [[ChromeDriver: chrome on LINUX (e1b3cbbd67c468135a936a7d0232f9c8)] -> css selector: add-employee-dialog]]
14:19:48.172 INFO - Executing: [find element: By.cssSelector: input[name='name'])
14:19:48.213 INFO - Done: [find element: By.cssSelector: input[name='name']
14:19:48.220 INFO - Executing: [send keys: 31 [[ChromeDriver: chrome on LINUX (e1b3cbbd67c468135a936a7d0232f9c8)] -> css selector: input[name='name'], [J, J,  , D, o, e]])
14:19:48.490 INFO - Done: [send keys: 31 [[ChromeDriver: chrome on LINUX (e1b3cbbd67c468135a936a7d0232f9c8)] -> css selector: input[name='name'], [J, J,  , D, o, e]]
14:19:48.495 INFO - Executing: [find element: By.cssSelector: input[name='age'])
14:19:48.523 INFO - Done: [find element: By.cssSelector: input[name='age']
14:19:48.528 INFO - Executing: [send keys: 32 [[ChromeDriver: chrome on LINUX (e1b3cbbd67c468135a936a7d0232f9c8)] -> css selector: input[name='age'], [9, 0]])
14:19:48.631 INFO - Done: [send keys: 32 [[ChromeDriver: chrome on LINUX (e1b3cbbd67c468135a936a7d0232f9c8)] -> css selector: input[name='age'], [9, 0]]
14:19:48.636 INFO - Executing: [find element: By.cssSelector: button.submit-ok])
14:19:48.666 INFO - Done: [find element: By.cssSelector: button.submit-ok]
14:19:48.670 INFO - Executing: [click: 33 [[ChromeDriver: chrome on LINUX (e1b3cbbd67c468135a936a7d0232f9c8)] -> css selector: button.submit-ok]])
14:19:48.775 INFO - Done: [click: 33 [[ChromeDriver: chrome on LINUX (e1b3cbbd67c468135a936a7d0232f9c8)] -> css selector: button.submit-ok]]
14:19:48.783 INFO - Executing: [find elements: By.cssSelector: div.cdk-visually-hidden])
14:19:48.816 INFO - Done: [find elements: By.cssSelector: div.cdk-visually-hidden]
14:19:48.821 INFO - Executing: [get text: 34 [[ChromeDriver: chrome on LINUX (e1b3cbbd67c468135a936a7d0232f9c8)] -> css selector: div.cdk-visually-hidden]])
14:19:48.874 INFO - Done: [get text: 34 [[ChromeDriver: chrome on LINUX (e1b3cbbd67c468135a936a7d0232f9c8)] -> css selector: div.cdk-visually-hidden]]
14:19:49.382 INFO - Executing: [get text: 34 [[ChromeDriver: chrome on LINUX (e1b3cbbd67c468135a936a7d0232f9c8)] -> css selector: div.cdk-visually-hidden]])
14:19:49.396 INFO - Done: [get text: 34 [[ChromeDriver: chrome on LINUX (e1b3cbbd67c468135a936a7d0232f9c8)] -> css selector: div.cdk-visually-hidden]]
14:19:49.401 INFO - Executing: [find elements: By.cssSelector: md-list-item])
14:19:49.421 INFO - Done: [find elements: By.cssSelector: md-list-item]
14:19:49.425 INFO - Executing: [delete session: 52c347e5-b9ca-493e-807e-9011cd5bfe15])
14:19:49.494 INFO - Done: [delete session: 52c347e5-b9ca-493e-807e-9011cd5bfe15]
14:19:49.511 INFO - Executing: [new session: Capabilities [{acceptSslCerts=true, name=Homepage, browserName=chrome, javascriptEnabled=true, platform=ANY}]])
14:19:49.515 INFO - Creating a new session for Capabilities [{acceptSslCerts=true, name=Homepage, browserName=chrome, javascriptEnabled=true, platform=ANY}]
Starting ChromeDriver 2.29.461571 (8a88bbe0775e2a23afda0ceaf2ef7ee74e822cc5) on port 5065
Only local connections are allowed.
14:19:49.967 INFO - Detected dialect: OSS
14:19:49.984 INFO - Done: [new session: Capabilities [{acceptSslCerts=true, name=Homepage, browserName=chrome, javascriptEnabled=true, platform=ANY}]]
14:19:49.988 INFO - Executing: [get: http://localhost:8090])
14:19:52.288 INFO - Done: [get: http://localhost:8090]
14:19:52.297 INFO - Executing: [find elements: By.cssSelector: body])
14:19:52.326 INFO - Done: [find elements: By.cssSelector: body]
14:19:52.330 INFO - Executing: [is displayed: 0 [[ChromeDriver: chrome on LINUX (4d177d8ff57f619088f0f365dcbd23ba)] -> css selector: body]])
14:19:52.355 INFO - Done: [is displayed: 0 [[ChromeDriver: chrome on LINUX (4d177d8ff57f619088f0f365dcbd23ba)] -> css selector: body]]
14:19:52.359 INFO - Executing: [get title])
14:19:52.365 INFO - Done: [get title]
14:19:52.371 INFO - Executing: [find element: By.cssSelector: span.mat-button-wrapper])
14:19:52.398 INFO - Done: [find element: By.cssSelector: span.mat-button-wrapper]
14:19:52.401 INFO - Executing: [is displayed: 1 [[ChromeDriver: chrome on LINUX (4d177d8ff57f619088f0f365dcbd23ba)] -> css selector: span.mat-button-wrapper]])
14:19:52.428 INFO - Done: [is displayed: 1 [[ChromeDriver: chrome on LINUX (4d177d8ff57f619088f0f365dcbd23ba)] -> css selector: span.mat-button-wrapper]]
14:19:52.433 INFO - Executing: [find element: By.cssSelector: a.mat-raised-button])
14:19:52.463 INFO - Done: [find element: By.cssSelector: a.mat-raised-button]
14:19:52.466 INFO - Executing: [click: 2 [[ChromeDriver: chrome on LINUX (4d177d8ff57f619088f0f365dcbd23ba)] -> css selector: a.mat-raised-button]])
14:19:52.564 INFO - Done: [click: 2 [[ChromeDriver: chrome on LINUX (4d177d8ff57f619088f0f365dcbd23ba)] -> css selector: a.mat-raised-button]]
14:19:53.575 INFO - Executing: [find element: By.cssSelector: h2.clearfix])
14:19:53.609 INFO - Done: [find element: By.cssSelector: h2.clearfix]
14:19:53.612 INFO - Executing: [get text: 3 [[ChromeDriver: chrome on LINUX (4d177d8ff57f619088f0f365dcbd23ba)] -> css selector: h2.clearfix]])
14:19:53.657 INFO - Done: [get text: 3 [[ChromeDriver: chrome on LINUX (4d177d8ff57f619088f0f365dcbd23ba)] -> css selector: h2.clearfix]]
14:19:53.660 INFO - Executing: [delete session: f2376f87-f31d-483c-b025-22d821c79da9])
14:19:53.729 INFO - Done: [delete session: f2376f87-f31d-483c-b025-22d821c79da9]
14:19:53.763 INFO - Executing: [new session: Capabilities [{acceptSslCerts=true, name=Shift, browserName=chrome, javascriptEnabled=true, platform=ANY}]])
14:19:53.766 INFO - Creating a new session for Capabilities [{acceptSslCerts=true, name=Shift, browserName=chrome, javascriptEnabled=true, platform=ANY}]
Starting ChromeDriver 2.29.461571 (8a88bbe0775e2a23afda0ceaf2ef7ee74e822cc5) on port 32718
Only local connections are allowed.
14:19:54.222 INFO - Detected dialect: OSS
14:19:54.276 INFO - Done: [new session: Capabilities [{acceptSslCerts=true, name=Shift, browserName=chrome, javascriptEnabled=true, platform=ANY}]]
14:19:54.282 INFO - Executing: [get: http://localhost:8090/#/shift])
14:19:56.739 INFO - Done: [get: http://localhost:8090/#/shift]
14:19:56.749 INFO - Executing: [find elements: By.cssSelector: body])
14:19:56.888 INFO - Done: [find elements: By.cssSelector: body]
14:19:56.893 INFO - Executing: [is displayed: 0 [[ChromeDriver: chrome on LINUX (24ae805142fe974d3c8310bd0aaea029)] -> css selector: body]])
14:19:56.921 INFO - Done: [is displayed: 0 [[ChromeDriver: chrome on LINUX (24ae805142fe974d3c8310bd0aaea029)] -> css selector: body]]
14:19:56.927 INFO - Executing: [find element: By.cssSelector: shift])
14:19:56.955 INFO - Done: [find element: By.cssSelector: shift]
14:19:56.959 INFO - Executing: [is displayed: 1 [[ChromeDriver: chrome on LINUX (24ae805142fe974d3c8310bd0aaea029)] -> css selector: shift]])
14:19:56.981 INFO - Done: [is displayed: 1 [[ChromeDriver: chrome on LINUX (24ae805142fe974d3c8310bd0aaea029)] -> css selector: shift]]
14:19:56.993 INFO - Executing: [refresh])
14:19:57.349 INFO - Done: [refresh]
14:19:57.358 INFO - Executing: [find elements: By.cssSelector: body])
14:19:57.415 INFO - Done: [find elements: By.cssSelector: body]
14:19:57.421 INFO - Executing: [is displayed: 2 [[ChromeDriver: chrome on LINUX (24ae805142fe974d3c8310bd0aaea029)] -> css selector: body]])
14:19:57.447 INFO - Done: [is displayed: 2 [[ChromeDriver: chrome on LINUX (24ae805142fe974d3c8310bd0aaea029)] -> css selector: body]]
14:19:57.455 INFO - Executing: [find element: By.cssSelector: shift])
14:19:57.467 INFO - Done: [find element: By.cssSelector: shift]
14:19:57.471 INFO - Executing: [is displayed: 3 [[ChromeDriver: chrome on LINUX (24ae805142fe974d3c8310bd0aaea029)] -> css selector: shift]])
14:19:57.497 INFO - Done: [is displayed: 3 [[ChromeDriver: chrome on LINUX (24ae805142fe974d3c8310bd0aaea029)] -> css selector: shift]]
14:19:57.500 INFO - Executing: [find elements: By.cssSelector: md-list-item])
14:19:57.528 INFO - Done: [find elements: By.cssSelector: md-list-item]
14:19:57.533 INFO - Executing: [find element: By.cssSelector: button.mat-mini-fab])
14:19:57.559 INFO - Done: [find element: By.cssSelector: button.mat-mini-fab]
14:19:57.562 INFO - Executing: [click: 17 [[ChromeDriver: chrome on LINUX (24ae805142fe974d3c8310bd0aaea029)] -> css selector: button.mat-mini-fab]])
14:19:57.734 INFO - Done: [click: 17 [[ChromeDriver: chrome on LINUX (24ae805142fe974d3c8310bd0aaea029)] -> css selector: button.mat-mini-fab]]
14:19:57.741 INFO - Executing: [find element: By.cssSelector: add-shift-dialog])
14:19:57.831 INFO - Done: [find element: By.cssSelector: add-shift-dialog]
14:19:57.836 INFO - Executing: [is displayed: 18 [[ChromeDriver: chrome on LINUX (24ae805142fe974d3c8310bd0aaea029)] -> css selector: add-shift-dialog]])
14:19:57.889 INFO - Done: [is displayed: 18 [[ChromeDriver: chrome on LINUX (24ae805142fe974d3c8310bd0aaea029)] -> css selector: add-shift-dialog]]
14:19:57.893 INFO - Executing: [find element: By.cssSelector: input[name='name'])
14:19:58.005 INFO - Done: [find element: By.cssSelector: input[name='name']
14:19:58.010 INFO - Executing: [send keys: 19 [[ChromeDriver: chrome on LINUX (24ae805142fe974d3c8310bd0aaea029)] -> css selector: input[name='name'], [T, e, s, t, _, S, h, i, f, t, _, 1, 4, 9, 2, 0, 8, 9, 5, 9, 6, 9, 8, 4]])
14:19:58.505 INFO - Done: [send keys: 19 [[ChromeDriver: chrome on LINUX (24ae805142fe974d3c8310bd0aaea029)] -> css selector: input[name='name'], [T, e, s, t, _, S, h, i, f, t, _, 1, 4, 9, 2, 0, 8, 9, 5, 9, 6, 9, 8, 4]]
14:19:58.510 INFO - Executing: [find element: By.cssSelector: input[name='Start Date']])
14:19:58.542 INFO - Done: [find element: By.cssSelector: input[name='Start Date']]
14:19:58.547 INFO - Executing: [send keys: 20 [[ChromeDriver: chrome on LINUX (24ae805142fe974d3c8310bd0aaea029)] -> css selector: input[name='Start Date']], [T, h, u,  , A, p, r,  , 1, 3,  , 2, 0, 1, 7,  , 1, 4, :, 1, 9, :, 5, 6,  , G, M, T, +, 0, 1, 0, 0,  , (, B, S, T, )]])
14:19:58.929 INFO - Done: [send keys: 20 [[ChromeDriver: chrome on LINUX (24ae805142fe974d3c8310bd0aaea029)] -> css selector: input[name='Start Date']], [T, h, u,  , A, p, r,  , 1, 3,  , 2, 0, 1, 7,  , 1, 4, :, 1, 9, :, 5, 6,  , G, M, T, +, 0, 1, 0, 0,  , (, B, S, T, )]]
14:19:58.933 INFO - Executing: [find element: By.cssSelector: input[name='End Date']])
14:19:58.962 INFO - Done: [find element: By.cssSelector: input[name='End Date']]
14:19:58.970 INFO - Executing: [send keys: 21 [[ChromeDriver: chrome on LINUX (24ae805142fe974d3c8310bd0aaea029)] -> css selector: input[name='End Date']], [T, h, u,  , A, p, r,  , 2, 0,  , 2, 0, 1, 7,  , 1, 4, :, 1, 9, :, 5, 6,  , G, M, T, +, 0, 1, 0, 0]])
14:19:59.273 INFO - Done: [send keys: 21 [[ChromeDriver: chrome on LINUX (24ae805142fe974d3c8310bd0aaea029)] -> css selector: input[name='End Date']], [T, h, u,  , A, p, r,  , 2, 0,  , 2, 0, 1, 7,  , 1, 4, :, 1, 9, :, 5, 6,  , G, M, T, +, 0, 1, 0, 0]]
14:19:59.282 INFO - Executing: [find element: By.cssSelector: md-select[name='Employees']])
14:19:59.327 INFO - Done: [find element: By.cssSelector: md-select[name='Employees']]
14:19:59.332 INFO - Executing: [click: 22 [[ChromeDriver: chrome on LINUX (24ae805142fe974d3c8310bd0aaea029)] -> css selector: md-select[name='Employees']]])
14:19:59.442 INFO - Done: [click: 22 [[ChromeDriver: chrome on LINUX (24ae805142fe974d3c8310bd0aaea029)] -> css selector: md-select[name='Employees']]]
14:19:59.445 INFO - Executing: [find element: By.cssSelector: md-option#md-option-0])
14:19:59.481 INFO - Done: [find element: By.cssSelector: md-option#md-option-0]
14:19:59.484 INFO - Executing: [click: 23 [[ChromeDriver: chrome on LINUX (24ae805142fe974d3c8310bd0aaea029)] -> css selector: md-option#md-option-0]])
14:19:59.598 INFO - Done: [click: 23 [[ChromeDriver: chrome on LINUX (24ae805142fe974d3c8310bd0aaea029)] -> css selector: md-option#md-option-0]]
14:19:59.603 INFO - Executing: [find element: By.cssSelector: button.submit-ok])
14:19:59.637 INFO - Done: [find element: By.cssSelector: button.submit-ok]
14:19:59.641 INFO - Executing: [click: 24 [[ChromeDriver: chrome on LINUX (24ae805142fe974d3c8310bd0aaea029)] -> css selector: button.submit-ok]])
14:19:59.744 INFO - Done: [click: 24 [[ChromeDriver: chrome on LINUX (24ae805142fe974d3c8310bd0aaea029)] -> css selector: button.submit-ok]]
14:19:59.749 INFO - Executing: [find elements: By.cssSelector: div.cdk-visually-hidden])
14:19:59.786 INFO - Done: [find elements: By.cssSelector: div.cdk-visually-hidden]
14:19:59.789 INFO - Executing: [get text: 25 [[ChromeDriver: chrome on LINUX (24ae805142fe974d3c8310bd0aaea029)] -> css selector: div.cdk-visually-hidden]])
14:19:59.836 INFO - Done: [get text: 25 [[ChromeDriver: chrome on LINUX (24ae805142fe974d3c8310bd0aaea029)] -> css selector: div.cdk-visually-hidden]]
14:20:00.341 INFO - Executing: [get text: 25 [[ChromeDriver: chrome on LINUX (24ae805142fe974d3c8310bd0aaea029)] -> css selector: div.cdk-visually-hidden]])
14:20:00.356 INFO - Done: [get text: 25 [[ChromeDriver: chrome on LINUX (24ae805142fe974d3c8310bd0aaea029)] -> css selector: div.cdk-visually-hidden]]
14:20:00.361 INFO - Executing: [find elements: By.cssSelector: md-list-item])
14:20:00.374 INFO - Done: [find elements: By.cssSelector: md-list-item]
14:20:00.379 INFO - Executing: [delete session: 8f7ae0eb-1901-4dcd-941f-6e6d1a8d0cda])
14:20:00.449 INFO - Done: [delete session: 8f7ae0eb-1901-4dcd-941f-6e6d1a8d0cda]
